<?xml version="1.0" encoding="UTF-8"?>
<!-- Generated by org.testng.reporters.JUnitReportReporter -->
<testsuite skipped="0" hostname="GUDU-PC" name="actions.Gudu" tests="1" failures="0" timestamp="2021-12-20T00:33:59 IST" time="17.225" errors="0">
  <testcase name="checkingTitle" time="17.225" classname="actions.Gudu"/>
  <system-out/>
</testsuite> <!-- actions.Gudu -->
