<?xml version="1.0" encoding="UTF-8"?>
<!-- Generated by org.testng.reporters.JUnitReportReporter -->
<testsuite skipped="0" hostname="GUDU-PC" name="actions.ObjectRepository" tests="1" failures="0" timestamp="2021-12-20T22:38:32 IST" time="17.814" errors="0">
  <testcase name="readfromConfigFile" time="17.814" classname="actions.ObjectRepository"/>
  <system-out/>
</testsuite> <!-- actions.ObjectRepository -->
