<?xml version="1.0" encoding="UTF-8"?>
<!-- Generated by org.testng.reporters.JUnitReportReporter -->
<testsuite skipped="0" hostname="GUDU-PC" name="test.Example" tests="1" failures="0" timestamp="2021-10-17T18:47:34 IST" time="32.573" errors="0">
  <testcase name="test" time="32.573" classname="test.Example"/>
  <system-out/>
</testsuite> <!-- test.Example -->
