<?xml version="1.0" encoding="UTF-8"?>
<!-- Generated by org.testng.reporters.JUnitReportReporter -->
<testsuite skipped="0" hostname="GUDU-PC" name="actions.Nikhil" tests="2" failures="0" timestamp="2021-12-20T00:39:50 IST" time="38.303" errors="0">
  <testcase name="checkingvalidinputs" time="16.660" classname="actions.Nikhil"/>
  <system-out/>
  <testcase name="checkinginvalidinputs" time="21.643" classname="actions.Nikhil"/>
  <system-out/>
</testsuite> <!-- actions.Nikhil -->
