<?xml version="1.0" encoding="UTF-8"?>
<!-- Generated by org.testng.reporters.JUnitReportReporter -->
<testsuite skipped="0" hostname="GUDU-PC" name="test.OrangeHRMD" tests="2" failures="0" timestamp="2021-10-30T12:24:56 IST" time="41.021" errors="0">
  <testcase name="testdemo" time="15.538" classname="test.OrangeHRMD"/>
  <system-out/>
  <testcase name="testdemo2" time="25.483" classname="test.OrangeHRMD"/>
  <system-out/>
</testsuite> <!-- test.OrangeHRMD -->
