<?xml version="1.0" encoding="UTF-8"?>
<!-- Generated by org.testng.reporters.JUnitReportReporter -->
<testsuite skipped="0" hostname="GUDU-PC" name="test.Example" tests="1" failures="0" timestamp="17 Oct 2021 13:18:39 GMT" time="17.467" errors="0">
  <testcase name="test" time="17.467" classname="test.Example"/>
</testsuite> <!-- test.Example -->
